<?xml version="1.0" encoding="UTF-8"?>
<coverage generated="1644459149646" clover="3.2.0">
  <project timestamp="1644459149646" name="All files">
    <metrics statements="27" coveredstatements="9" conditionals="4" coveredconditionals="1" methods="14" coveredmethods="4" elements="45" coveredelements="14" complexity="0" loc="27" ncloc="27" packages="3" files="5" classes="5"/>
    <package name="containers.TodoList">
      <metrics statements="16" coveredstatements="4" conditionals="2" coveredconditionals="0" methods="8" coveredmethods="2"/>
      <file name="TodoList.vue" path="/Users/zhuwenlong/Desktop/jest-vue3-test/src/containers/TodoList/TodoList.vue">
        <metrics statements="16" coveredstatements="4" conditionals="2" coveredconditionals="0" methods="8" coveredmethods="2"/>
        <line num="15" count="1" type="stmt"/>
        <line num="16" count="1" type="stmt"/>
        <line num="24" count="1" type="stmt"/>
        <line num="30" count="1" type="stmt"/>
        <line num="33" count="0" type="stmt"/>
        <line num="36" count="0" type="stmt"/>
        <line num="37" count="0" type="stmt"/>
        <line num="38" count="0" type="cond" truecount="0" falsecount="2"/>
        <line num="39" count="0" type="stmt"/>
        <line num="41" count="0" type="stmt"/>
        <line num="44" count="0" type="stmt"/>
        <line num="47" count="0" type="stmt"/>
        <line num="48" count="0" type="stmt"/>
        <line num="49" count="0" type="stmt"/>
        <line num="51" count="0" type="stmt"/>
        <line num="54" count="0" type="stmt"/>
      </file>
    </package>
    <package name="containers.TodoList.components">
      <metrics statements="9" coveredstatements="5" conditionals="2" coveredconditionals="1" methods="6" coveredmethods="2"/>
      <file name="Header.vue" path="/Users/zhuwenlong/Desktop/jest-vue3-test/src/containers/TodoList/components/Header.vue">
        <metrics statements="5" coveredstatements="5" conditionals="2" coveredconditionals="1" methods="2" coveredmethods="2"/>
        <line num="18" count="1" type="stmt"/>
        <line num="29" count="3" type="stmt"/>
        <line num="34" count="1" type="cond" truecount="1" falsecount="1"/>
        <line num="35" count="1" type="stmt"/>
        <line num="37" count="1" type="stmt"/>
      </file>
      <file name="UndoList.vue" path="/Users/zhuwenlong/Desktop/jest-vue3-test/src/containers/TodoList/components/UndoList.vue">
        <metrics statements="4" coveredstatements="0" conditionals="0" coveredconditionals="0" methods="4" coveredmethods="0"/>
        <line num="42" count="0" type="stmt"/>
        <line num="45" count="0" type="stmt"/>
        <line num="48" count="0" type="stmt"/>
        <line num="51" count="0" type="stmt"/>
      </file>
    </package>
    <package name="views">
      <metrics statements="2" coveredstatements="0" conditionals="0" coveredconditionals="0" methods="0" coveredmethods="0"/>
      <file name="About.vue" path="/Users/zhuwenlong/Desktop/jest-vue3-test/src/views/About.vue">
        <metrics statements="1" coveredstatements="0" conditionals="0" coveredconditionals="0" methods="0" coveredmethods="0"/>
        <line num="8" count="0" type="stmt"/>
      </file>
      <file name="Home.vue" path="/Users/zhuwenlong/Desktop/jest-vue3-test/src/views/Home.vue">
        <metrics statements="1" coveredstatements="0" conditionals="0" coveredconditionals="0" methods="0" coveredmethods="0"/>
        <line num="8" count="0" type="stmt"/>
      </file>
    </package>
  </project>
</coverage>
