{"/Users/zhuwenlong/Desktop/jest-vue3-test/src/containers/TodoList/TodoList.vue": {"path":"/Users/zhuwenlong/Desktop/jest-vue3-test/src/containers/TodoList/TodoList.vue","statementMap":{"0":{"start":{"line":15,"column":0},"end":{"line":15,"column":null}},"1":{"start":{"line":16,"column":0},"end":{"line":16,"column":null}},"2":{"start":{"line":24,"column":0},"end":{"line":24,"column":null}},"3":{"start":{"line":30,"column":0},"end":{"line":30,"column":null}},"4":{"start":{"line":33,"column":0},"end":{"line":33,"column":null}},"5":{"start":{"line":36,"column":0},"end":{"line":36,"column":null}},"6":{"start":{"line":37,"column":0},"end":{"line":43,"column":null}},"7":{"start":{"line":38,"column":0},"end":{"line":42,"column":null}},"8":{"start":{"line":39,"column":0},"end":{"line":39,"column":null}},"9":{"start":{"line":41,"column":0},"end":{"line":41,"column":null}},"10":{"start":{"line":44,"column":0},"end":{"line":44,"column":null}},"11":{"start":{"line":47,"column":0},"end":{"line":47,"column":null}},"12":{"start":{"line":48,"column":0},"end":{"line":50,"column":null}},"13":{"start":{"line":49,"column":0},"end":{"line":49,"column":null}},"14":{"start":{"line":51,"column":0},"end":{"line":51,"column":null}},"15":{"start":{"line":54,"column":0},"end":{"line":54,"column":null}}},"fnMap":{"0":{"name":"(anonymous_1)","decl":{"start":{"line":23,"column":0},"end":{"line":23,"column":null}},"loc":{"start":{"line":23,"column":0},"end":{"line":27,"column":null}}},"1":{"name":"(anonymous_2)","decl":{"start":{"line":29,"column":0},"end":{"line":29,"column":null}},"loc":{"start":{"line":29,"column":0},"end":{"line":31,"column":null}}},"2":{"name":"(anonymous_3)","decl":{"start":{"line":32,"column":0},"end":{"line":32,"column":null}},"loc":{"start":{"line":32,"column":0},"end":{"line":34,"column":null}}},"3":{"name":"(anonymous_4)","decl":{"start":{"line":35,"column":0},"end":{"line":35,"column":null}},"loc":{"start":{"line":35,"column":0},"end":{"line":45,"column":null}}},"4":{"name":"(anonymous_5)","decl":{"start":{"line":37,"column":0},"end":{"line":37,"column":null}},"loc":{"start":{"line":37,"column":0},"end":{"line":43,"column":null}}},"5":{"name":"(anonymous_6)","decl":{"start":{"line":46,"column":0},"end":{"line":46,"column":null}},"loc":{"start":{"line":46,"column":0},"end":{"line":52,"column":null}}},"6":{"name":"(anonymous_7)","decl":{"start":{"line":48,"column":0},"end":{"line":48,"column":null}},"loc":{"start":{"line":48,"column":0},"end":{"line":50,"column":null}}},"7":{"name":"(anonymous_8)","decl":{"start":{"line":53,"column":0},"end":{"line":53,"column":null}},"loc":{"start":{"line":53,"column":0},"end":{"line":55,"column":null}}}},"branchMap":{"0":{"loc":{"start":{"line":38,"column":0},"end":{"line":42,"column":null}},"type":"if","locations":[{"start":{"line":38,"column":0},"end":{"line":42,"column":null}},{"start":{"line":38,"column":0},"end":{"line":42,"column":null}}]}},"s":{"0":1,"1":1,"2":7,"3":1,"4":1,"5":1,"6":1,"7":3,"8":1,"9":2,"10":1,"11":1,"12":1,"13":3,"14":1,"15":1},"f":{"0":7,"1":1,"2":1,"3":1,"4":3,"5":1,"6":3,"7":1},"b":{"0":[1,2]}}
,"/Users/zhuwenlong/Desktop/jest-vue3-test/src/containers/TodoList/components/Header.vue": {"path":"/Users/zhuwenlong/Desktop/jest-vue3-test/src/containers/TodoList/components/Header.vue","statementMap":{"0":{"start":{"line":20,"column":0},"end":{"line":20,"column":null}},"1":{"start":{"line":26,"column":0},"end":{"line":29,"column":null}},"2":{"start":{"line":27,"column":0},"end":{"line":27,"column":null}},"3":{"start":{"line":28,"column":0},"end":{"line":28,"column":null}}},"fnMap":{"0":{"name":"(anonymous_1)","decl":{"start":{"line":19,"column":0},"end":{"line":19,"column":null}},"loc":{"start":{"line":19,"column":0},"end":{"line":23,"column":null}}},"1":{"name":"(anonymous_2)","decl":{"start":{"line":25,"column":0},"end":{"line":25,"column":null}},"loc":{"start":{"line":25,"column":0},"end":{"line":30,"column":null}}}},"branchMap":{"0":{"loc":{"start":{"line":26,"column":0},"end":{"line":29,"column":null}},"type":"if","locations":[{"start":{"line":26,"column":0},"end":{"line":29,"column":null}},{"start":{"line":26,"column":0},"end":{"line":29,"column":null}}]}},"s":{"0":6,"1":2,"2":1,"3":1},"f":{"0":6,"1":2},"b":{"0":[1,1]}}
,"/Users/zhuwenlong/Desktop/jest-vue3-test/src/containers/TodoList/components/UndoList.vue": {"path":"/Users/zhuwenlong/Desktop/jest-vue3-test/src/containers/TodoList/components/UndoList.vue","statementMap":{"0":{"start":{"line":41,"column":0},"end":{"line":41,"column":null}},"1":{"start":{"line":44,"column":0},"end":{"line":44,"column":null}},"2":{"start":{"line":47,"column":0},"end":{"line":47,"column":null}},"3":{"start":{"line":50,"column":0},"end":{"line":50,"column":null}}},"fnMap":{"0":{"name":"(anonymous_1)","decl":{"start":{"line":40,"column":0},"end":{"line":40,"column":null}},"loc":{"start":{"line":40,"column":0},"end":{"line":42,"column":null}}},"1":{"name":"(anonymous_2)","decl":{"start":{"line":43,"column":0},"end":{"line":43,"column":null}},"loc":{"start":{"line":43,"column":0},"end":{"line":45,"column":null}}},"2":{"name":"(anonymous_3)","decl":{"start":{"line":46,"column":0},"end":{"line":46,"column":null}},"loc":{"start":{"line":46,"column":0},"end":{"line":48,"column":null}}},"3":{"name":"(anonymous_4)","decl":{"start":{"line":49,"column":0},"end":{"line":49,"column":null}},"loc":{"start":{"line":49,"column":0},"end":{"line":53,"column":null}}}},"branchMap":{},"s":{"0":1,"1":2,"2":1,"3":1},"f":{"0":1,"1":2,"2":1,"3":1},"b":{}}
,"/Users/zhuwenlong/Desktop/jest-vue3-test/src/views/About.vue": {"path":"/Users/zhuwenlong/Desktop/jest-vue3-test/src/views/About.vue","statementMap":{"0":{"start":{"line":8,"column":0},"end":{"line":8,"column":null}}},"fnMap":{},"branchMap":{},"s":{"0":0},"f":{},"b":{}}
,"/Users/zhuwenlong/Desktop/jest-vue3-test/src/views/Home.vue": {"path":"/Users/zhuwenlong/Desktop/jest-vue3-test/src/views/Home.vue","statementMap":{"0":{"start":{"line":8,"column":0},"end":{"line":8,"column":null}}},"fnMap":{},"branchMap":{},"s":{"0":0},"f":{},"b":{}}
}
